<?xml version="1.0" encoding="UTF-8"?>
<!-- Generated by org.testng.reporters.JUnitXMLReporter -->
<testsuite ignored="0" hostname="localhost" failures="0" tests="2" name="Regression Functional Regression Test" time="11.968" errors="0" timestamp="2022-07-25T06:54:08 IST">
  <testcase classname="com.qa.hubspot.tests.LoginPageTest" name="verifyLoginPageTitleTest" time="0.015"/>
  <testcase classname="com.qa.hubspot.tests.LoginPageTest" name="loginTest" time="1.044"/>
</testsuite> <!-- Regression Functional Regression Test -->
