<?xml version="1.0" encoding="UTF-8"?>
<!-- Generated by org.testng.reporters.JUnitXMLReporter -->
<testsuite ignored="0" hostname="localhost" failures="0" tests="2" name="Default test" time="17.284" errors="0" timestamp="2022-07-14T18:45:11 IST">
  <testcase classname="com.qa.hubspot.tests.ContactsPageTest" name="verifyAddressPageTitle" time="0.089"/>
  <testcase classname="com.qa.hubspot.tests.ContactsPageTest" name="createaddressBook" time="0.0">
    <skipped/>
  </testcase> <!-- createaddressBook -->
</testsuite> <!-- Default test -->
